  [1m[35m (261.1ms)[0m  [1m[35mCREATE DATABASE "todos_back_end_development" ENCODING = 'unicode'[0m
  ↳ bin/rails:9
  [1m[35m (104.0ms)[0m  [1m[35mCREATE DATABASE "todos_back_end_test" ENCODING = 'unicode'[0m
  ↳ bin/rails:9
  [1m[35m (13.5ms)[0m  [1m[35mCREATE TABLE "schema_migrations" ("version" character varying NOT NULL PRIMARY KEY)[0m
  ↳ bin/rails:9
  [1m[35m (3.6ms)[0m  [1m[35mCREATE TABLE "ar_internal_metadata" ("key" character varying NOT NULL PRIMARY KEY, "value" character varying, "created_at" timestamp NOT NULL, "updated_at" timestamp NOT NULL)[0m
  ↳ bin/rails:9
  [1m[35m (0.7ms)[0m  [1m[34mSELECT pg_try_advisory_lock(5690727357283262385)[0m
  ↳ bin/rails:9
  [1m[35m (0.7ms)[0m  [1m[34mSELECT "schema_migrations"."version" FROM "schema_migrations" ORDER BY "schema_migrations"."version" ASC[0m
  ↳ bin/rails:9
Migrating to CreateTodos (20210826174915)
  [1m[35m (3.5ms)[0m  [1m[35mBEGIN[0m
  ↳ bin/rails:9
  [1m[35m (10.6ms)[0m  [1m[35mCREATE TABLE "todos" ("id" bigserial primary key, "title" character varying NOT NULL, "body" character varying NOT NULL, "done" boolean NOT NULL, "created_at" timestamp NOT NULL, "updated_at" timestamp NOT NULL)[0m
  ↳ db/migrate/20210826174915_create_todos.rb:3
  [1m[35m (2.6ms)[0m  [1m[35mCREATE  INDEX  "index_todos_on_title" ON "todos"  ("title")[0m
  ↳ db/migrate/20210826174915_create_todos.rb:9
  [1m[36mActiveRecord::SchemaMigration Create (1.6ms)[0m  [1m[32mINSERT INTO "schema_migrations" ("version") VALUES ($1) RETURNING "version"[0m  [["version", "20210826174915"]]
  ↳ bin/rails:9
  [1m[35m (0.6ms)[0m  [1m[35mCOMMIT[0m
  ↳ bin/rails:9
  [1m[36mActiveRecord::InternalMetadata Load (0.9ms)[0m  [1m[34mSELECT  "ar_internal_metadata".* FROM "ar_internal_metadata" WHERE "ar_internal_metadata"."key" = $1 LIMIT $2[0m  [["key", "environment"], ["LIMIT", 1]]
  ↳ bin/rails:9
  [1m[35m (0.2ms)[0m  [1m[35mBEGIN[0m
  ↳ bin/rails:9
  [1m[36mActiveRecord::InternalMetadata Create (1.4ms)[0m  [1m[32mINSERT INTO "ar_internal_metadata" ("key", "value", "created_at", "updated_at") VALUES ($1, $2, $3, $4) RETURNING "key"[0m  [["key", "environment"], ["value", "development"], ["created_at", "2021-08-26 17:53:02.777218"], ["updated_at", "2021-08-26 17:53:02.777218"]]
  ↳ bin/rails:9
  [1m[35m (0.4ms)[0m  [1m[35mCOMMIT[0m
  ↳ bin/rails:9
  [1m[35m (0.2ms)[0m  [1m[34mSELECT pg_advisory_unlock(5690727357283262385)[0m
  ↳ bin/rails:9
  [1m[35m (1.2ms)[0m  [1m[34mSELECT "schema_migrations"."version" FROM "schema_migrations" ORDER BY "schema_migrations"."version" ASC[0m
  ↳ bin/rails:9
  [1m[35m (0.4ms)[0m  [1m[35mBEGIN[0m
  [1m[36mTodo Create (2.0ms)[0m  [1m[32mINSERT INTO "todos" ("title", "body", "done", "created_at", "updated_at") VALUES ($1, $2, $3, $4, $5) RETURNING "id"[0m  [["title", "1st task"], ["body", "setup rails"], ["done", false], ["created_at", "2021-08-26 17:58:24.516673"], ["updated_at", "2021-08-26 17:58:24.516673"]]
  [1m[35m (1.4ms)[0m  [1m[35mCOMMIT[0m
  [1m[36mTodo Load (0.8ms)[0m  [1m[34mSELECT "todos".* FROM "todos"[0m
  [1m[35m (0.2ms)[0m  [1m[35mBEGIN[0m
  [1m[36mTodo Create (0.4ms)[0m  [1m[32mINSERT INTO "todos" ("title", "body", "done", "created_at", "updated_at") VALUES ($1, $2, $3, $4, $5) RETURNING "id"[0m  [["title", "2nd task"], ["body", "setup front end"], ["done", true], ["created_at", "2021-08-26 18:00:02.796823"], ["updated_at", "2021-08-26 18:00:02.796823"]]
  [1m[35m (0.7ms)[0m  [1m[35mCOMMIT[0m
  [1m[36mTodo Load (0.5ms)[0m  [1m[34mSELECT "todos".* FROM "todos"[0m
  [1m[35m (166.8ms)[0m  [1m[35mCREATE DATABASE "todos_back_end_development" ENCODING = 'unicode'[0m
  ↳ bin/rails:9
  [1m[35m (112.2ms)[0m  [1m[35mCREATE DATABASE "todos_back_end_test" ENCODING = 'unicode'[0m
  ↳ bin/rails:9
  [1m[35mSQL (2.8ms)[0m  [1m[35mCREATE EXTENSION IF NOT EXISTS "plpgsql"[0m
  ↳ db/schema.rb:16
  [1m[35m (1.7ms)[0m  [1m[35mDROP TABLE IF EXISTS "todos" CASCADE[0m
  ↳ db/schema.rb:18
  [1m[35m (16.3ms)[0m  [1m[35mCREATE TABLE "todos" ("id" bigserial primary key, "title" character varying NOT NULL, "body" character varying NOT NULL, "done" boolean NOT NULL, "created_at" timestamp NOT NULL, "updated_at" timestamp NOT NULL)[0m
  ↳ db/schema.rb:18
  [1m[35m (1.5ms)[0m  [1m[35mCREATE  INDEX  "index_todos_on_title" ON "todos"  ("title")[0m
  ↳ db/schema.rb:18
  [1m[35m (3.4ms)[0m  [1m[35mCREATE TABLE "schema_migrations" ("version" character varying NOT NULL PRIMARY KEY)[0m
  ↳ db/schema.rb:13
  [1m[35m (0.7ms)[0m  [1m[34mSELECT "schema_migrations"."version" FROM "schema_migrations" ORDER BY "schema_migrations"."version" ASC[0m
  ↳ db/schema.rb:13
  [1m[35m (1.2ms)[0m  [1m[32mINSERT INTO "schema_migrations" (version) VALUES (20210826174915)[0m
  ↳ db/schema.rb:13
  [1m[35m (4.4ms)[0m  [1m[35mCREATE TABLE "ar_internal_metadata" ("key" character varying NOT NULL PRIMARY KEY, "value" character varying, "created_at" timestamp NOT NULL, "updated_at" timestamp NOT NULL)[0m
  ↳ db/schema.rb:13
  [1m[36mActiveRecord::InternalMetadata Load (0.4ms)[0m  [1m[34mSELECT  "ar_internal_metadata".* FROM "ar_internal_metadata" WHERE "ar_internal_metadata"."key" = $1 LIMIT $2[0m  [["key", "environment"], ["LIMIT", 1]]
  ↳ db/schema.rb:13
  [1m[35m (0.3ms)[0m  [1m[35mBEGIN[0m
  ↳ db/schema.rb:13
  [1m[36mActiveRecord::InternalMetadata Create (1.3ms)[0m  [1m[32mINSERT INTO "ar_internal_metadata" ("key", "value", "created_at", "updated_at") VALUES ($1, $2, $3, $4) RETURNING "key"[0m  [["key", "environment"], ["value", "development"], ["created_at", "2021-08-26 18:17:41.846670"], ["updated_at", "2021-08-26 18:17:41.846670"]]
  ↳ db/schema.rb:13
  [1m[35m (0.2ms)[0m  [1m[35mCOMMIT[0m
  ↳ db/schema.rb:13
  [1m[36mActiveRecord::InternalMetadata Load (0.5ms)[0m  [1m[34mSELECT  "ar_internal_metadata".* FROM "ar_internal_metadata" WHERE "ar_internal_metadata"."key" = $1 LIMIT $2[0m  [["key", "environment"], ["LIMIT", 1]]
  ↳ bin/rails:9
  [1m[35m (0.1ms)[0m  [1m[35mBEGIN[0m
  ↳ bin/rails:9
  [1m[35m (0.1ms)[0m  [1m[35mCOMMIT[0m
  ↳ bin/rails:9
  [1m[35mSQL (0.4ms)[0m  [1m[35mCREATE EXTENSION IF NOT EXISTS "plpgsql"[0m
  ↳ db/schema.rb:16
  [1m[35m (0.2ms)[0m  [1m[35mDROP TABLE IF EXISTS "todos" CASCADE[0m
  ↳ db/schema.rb:18
  [1m[35m (10.2ms)[0m  [1m[35mCREATE TABLE "todos" ("id" bigserial primary key, "title" character varying NOT NULL, "body" character varying NOT NULL, "done" boolean NOT NULL, "created_at" timestamp NOT NULL, "updated_at" timestamp NOT NULL)[0m
  ↳ db/schema.rb:18
  [1m[35m (1.5ms)[0m  [1m[35mCREATE  INDEX  "index_todos_on_title" ON "todos"  ("title")[0m
  ↳ db/schema.rb:18
  [1m[35m (3.9ms)[0m  [1m[35mCREATE TABLE "schema_migrations" ("version" character varying NOT NULL PRIMARY KEY)[0m
  ↳ db/schema.rb:13
  [1m[35m (0.9ms)[0m  [1m[34mSELECT "schema_migrations"."version" FROM "schema_migrations" ORDER BY "schema_migrations"."version" ASC[0m
  ↳ db/schema.rb:13
  [1m[35m (0.6ms)[0m  [1m[32mINSERT INTO "schema_migrations" (version) VALUES (20210826174915)[0m
  ↳ db/schema.rb:13
  [1m[35m (3.3ms)[0m  [1m[35mCREATE TABLE "ar_internal_metadata" ("key" character varying NOT NULL PRIMARY KEY, "value" character varying, "created_at" timestamp NOT NULL, "updated_at" timestamp NOT NULL)[0m
  ↳ db/schema.rb:13
  [1m[36mActiveRecord::InternalMetadata Load (0.4ms)[0m  [1m[34mSELECT  "ar_internal_metadata".* FROM "ar_internal_metadata" WHERE "ar_internal_metadata"."key" = $1 LIMIT $2[0m  [["key", "environment"], ["LIMIT", 1]]
  ↳ db/schema.rb:13
  [1m[35m (0.1ms)[0m  [1m[35mBEGIN[0m
  ↳ db/schema.rb:13
  [1m[36mActiveRecord::InternalMetadata Create (0.4ms)[0m  [1m[32mINSERT INTO "ar_internal_metadata" ("key", "value", "created_at", "updated_at") VALUES ($1, $2, $3, $4) RETURNING "key"[0m  [["key", "environment"], ["value", "development"], ["created_at", "2021-08-26 18:17:41.909422"], ["updated_at", "2021-08-26 18:17:41.909422"]]
  ↳ db/schema.rb:13
  [1m[35m (0.4ms)[0m  [1m[35mCOMMIT[0m
  ↳ db/schema.rb:13
  [1m[36mActiveRecord::InternalMetadata Load (0.3ms)[0m  [1m[34mSELECT  "ar_internal_metadata".* FROM "ar_internal_metadata" WHERE "ar_internal_metadata"."key" = $1 LIMIT $2[0m  [["key", "environment"], ["LIMIT", 1]]
  ↳ bin/rails:9
  [1m[35m (0.1ms)[0m  [1m[35mBEGIN[0m
  ↳ bin/rails:9
  [1m[36mActiveRecord::InternalMetadata Update (0.6ms)[0m  [1m[33mUPDATE "ar_internal_metadata" SET "value" = $1, "updated_at" = $2 WHERE "ar_internal_metadata"."key" = $3[0m  [["value", "test"], ["updated_at", "2021-08-26 18:17:41.913223"], ["key", "environment"]]
  ↳ bin/rails:9
  [1m[35m (0.3ms)[0m  [1m[35mCOMMIT[0m
  ↳ bin/rails:9
  [1m[35m (1.3ms)[0m  [1m[34mSELECT "schema_migrations"."version" FROM "schema_migrations" ORDER BY "schema_migrations"."version" ASC[0m
  ↳ bin/rails:9
  [1m[35m (0.2ms)[0m  [1m[34mSELECT pg_try_advisory_lock(5690727357283262385)[0m
  ↳ bin/rails:9
  [1m[35m (0.7ms)[0m  [1m[34mSELECT "schema_migrations"."version" FROM "schema_migrations" ORDER BY "schema_migrations"."version" ASC[0m
  ↳ bin/rails:9
  [1m[36mActiveRecord::InternalMetadata Load (0.4ms)[0m  [1m[34mSELECT  "ar_internal_metadata".* FROM "ar_internal_metadata" WHERE "ar_internal_metadata"."key" = $1 LIMIT $2[0m  [["key", "environment"], ["LIMIT", 1]]
  ↳ bin/rails:9
  [1m[35m (0.2ms)[0m  [1m[35mBEGIN[0m
  ↳ bin/rails:9
  [1m[35m (0.1ms)[0m  [1m[35mCOMMIT[0m
  ↳ bin/rails:9
  [1m[35m (0.2ms)[0m  [1m[34mSELECT pg_advisory_unlock(5690727357283262385)[0m
  ↳ bin/rails:9
  [1m[35m (0.2ms)[0m  [1m[34mSELECT "schema_migrations"."version" FROM "schema_migrations" ORDER BY "schema_migrations"."version" ASC[0m
  ↳ bin/rails:9
  [1m[35m (0.9ms)[0m  [1m[34mSELECT "schema_migrations"."version" FROM "schema_migrations" ORDER BY "schema_migrations"."version" ASC[0m
  ↳ bin/rails:9
  [1m[35m (0.1ms)[0m  [1m[35mBEGIN[0m
  ↳ db/seeds.rb:10
  [1m[36mTodo Load (0.6ms)[0m  [1m[34mSELECT "todos".* FROM "todos"[0m
  ↳ db/seeds.rb:11
  [1m[36mTodo Create (1.0ms)[0m  [1m[32mINSERT INTO "todos" ("title", "body", "done", "created_at", "updated_at") VALUES ($1, $2, $3, $4, $5) RETURNING "id"[0m  [["title", "1"], ["body", "1"], ["done", false], ["created_at", "2021-08-26 18:21:22.549756"], ["updated_at", "2021-08-26 18:21:22.549756"]]
  ↳ db/seeds.rb:13
  [1m[36mTodo Create (0.3ms)[0m  [1m[32mINSERT INTO "todos" ("title", "body", "done", "created_at", "updated_at") VALUES ($1, $2, $3, $4, $5) RETURNING "id"[0m  [["title", "2"], ["body", "2"], ["done", false], ["created_at", "2021-08-26 18:21:22.551608"], ["updated_at", "2021-08-26 18:21:22.551608"]]
  ↳ db/seeds.rb:14
  [1m[36mTodo Create (0.2ms)[0m  [1m[32mINSERT INTO "todos" ("title", "body", "done", "created_at", "updated_at") VALUES ($1, $2, $3, $4, $5) RETURNING "id"[0m  [["title", "3"], ["body", "3"], ["done", true], ["created_at", "2021-08-26 18:21:22.552439"], ["updated_at", "2021-08-26 18:21:22.552439"]]
  ↳ db/seeds.rb:15
  [1m[36mTodo Create (0.2ms)[0m  [1m[32mINSERT INTO "todos" ("title", "body", "done", "created_at", "updated_at") VALUES ($1, $2, $3, $4, $5) RETURNING "id"[0m  [["title", "4"], ["body", "4 qo2ewnbf3rof"], ["done", true], ["created_at", "2021-08-26 18:21:22.553199"], ["updated_at", "2021-08-26 18:21:22.553199"]]
  ↳ db/seeds.rb:16
  [1m[36mTodo Create (0.2ms)[0m  [1m[32mINSERT INTO "todos" ("title", "body", "done", "created_at", "updated_at") VALUES ($1, $2, $3, $4, $5) RETURNING "id"[0m  [["title", "5"], ["body", "5"], ["done", false], ["created_at", "2021-08-26 18:21:22.554048"], ["updated_at", "2021-08-26 18:21:22.554048"]]
  ↳ db/seeds.rb:17
  [1m[35m (0.6ms)[0m  [1m[35mCOMMIT[0m
  ↳ db/seeds.rb:10
  [1m[36mTodo Load (1.1ms)[0m  [1m[34mSELECT "todos".* FROM "todos"[0m
Started GET "/" for ::1 at 2021-08-26 14:21:59 -0400
  [1m[35m (1.1ms)[0m  [1m[34mSELECT "schema_migrations"."version" FROM "schema_migrations" ORDER BY "schema_migrations"."version" ASC[0m
  ↳ /Users/aminbabar/.rbenv/versions/2.5.1/lib/ruby/gems/2.5.0/gems/activerecord-5.2.6/lib/active_record/log_subscriber.rb:98
Processing by StaticPagesController#root as HTML
Completed 406 Not Acceptable in 148ms (ActiveRecord: 0.0ms)



ActionController::UnknownFormat - StaticPagesController#root is missing a template for this request format and variant.
request.formats: ["text/html"]
request.variant: []
NOTE! For XHR/Ajax or API requests, this action would normally respond with 204 No Content: an empty white screen. Since you're loading it in a web browser, we assume that you expected to actually render a template, not nothing, so we're showing an error to be extra-clear. If you expect 204 No Content, carry on. That's what you'll get from an XHR or API request. Give it a shot.:

Started POST "/__better_errors/4e83d0642e2b9ce4/variables" for ::1 at 2021-08-26 14:21:59 -0400
Started GET "/" for 127.0.0.1 at 2021-08-26 14:22:19 -0400
Processing by StaticPagesController#root as HTML
Completed 406 Not Acceptable in 150ms (ActiveRecord: 0.0ms)



ActionController::UnknownFormat - StaticPagesController#root is missing a template for this request format and variant.
request.formats: ["text/html"]
request.variant: []
NOTE! For XHR/Ajax or API requests, this action would normally respond with 204 No Content: an empty white screen. Since you're loading it in a web browser, we assume that you expected to actually render a template, not nothing, so we're showing an error to be extra-clear. If you expect 204 No Content, carry on. That's what you'll get from an XHR or API request. Give it a shot.:

Started POST "/__better_errors/f99a49a07b1e3ece/variables" for 127.0.0.1 at 2021-08-26 14:22:19 -0400
Started GET "/api/index" for 127.0.0.1 at 2021-08-26 14:22:28 -0400
  
ActionController::RoutingError (No route matches [GET] "/api/index"):
  
actionpack (5.2.6) lib/action_dispatch/middleware/debug_exceptions.rb:65:in `call'
web-console (3.7.0) lib/web_console/middleware.rb:135:in `call_app'
web-console (3.7.0) lib/web_console/middleware.rb:30:in `block in call'
web-console (3.7.0) lib/web_console/middleware.rb:20:in `catch'
web-console (3.7.0) lib/web_console/middleware.rb:20:in `call'
actionpack (5.2.6) lib/action_dispatch/middleware/show_exceptions.rb:33:in `call'
railties (5.2.6) lib/rails/rack/logger.rb:38:in `call_app'
railties (5.2.6) lib/rails/rack/logger.rb:26:in `block in call'
activesupport (5.2.6) lib/active_support/tagged_logging.rb:71:in `block in tagged'
activesupport (5.2.6) lib/active_support/tagged_logging.rb:28:in `tagged'
activesupport (5.2.6) lib/active_support/tagged_logging.rb:71:in `tagged'
railties (5.2.6) lib/rails/rack/logger.rb:26:in `call'
sprockets-rails (3.2.2) lib/sprockets/rails/quiet_assets.rb:13:in `call'
actionpack (5.2.6) lib/action_dispatch/middleware/remote_ip.rb:81:in `call'
actionpack (5.2.6) lib/action_dispatch/middleware/request_id.rb:27:in `call'
rack (2.2.3) lib/rack/method_override.rb:24:in `call'
rack (2.2.3) lib/rack/runtime.rb:22:in `call'
activesupport (5.2.6) lib/active_support/cache/strategy/local_cache_middleware.rb:29:in `call'
actionpack (5.2.6) lib/action_dispatch/middleware/executor.rb:14:in `call'
actionpack (5.2.6) lib/action_dispatch/middleware/static.rb:127:in `call'
rack (2.2.3) lib/rack/sendfile.rb:110:in `call'
railties (5.2.6) lib/rails/engine.rb:524:in `call'
puma (3.12.6) lib/puma/configuration.rb:227:in `call'
puma (3.12.6) lib/puma/server.rb:706:in `handle_request'
puma (3.12.6) lib/puma/server.rb:476:in `process_client'
puma (3.12.6) lib/puma/server.rb:334:in `block in run'
puma (3.12.6) lib/puma/thread_pool.rb:135:in `block in spawn_thread'
Started GET "/api/todos" for 127.0.0.1 at 2021-08-26 14:23:22 -0400
Processing by Api::TodosController#index as JSON
  [1m[36mTodo Load (0.8ms)[0m  [1m[34mSELECT "todos".* FROM "todos"[0m
  ↳ app/controllers/api/todos_controller.rb:4
Completed 200 OK in 20ms (Views: 8.4ms | ActiveRecord: 8.1ms)


Started GET "/" for 127.0.0.1 at 2021-08-26 14:25:26 -0400
Processing by StaticPagesController#root as HTML
  Rendering static_pages/root.html.erb within layouts/application
  Rendered static_pages/root.html.erb within layouts/application (0.3ms)
Completed 200 OK in 403ms (Views: 399.2ms | ActiveRecord: 0.0ms)


Started GET "/" for 127.0.0.1 at 2021-08-26 14:41:31 -0400
Processing by StaticPagesController#root as HTML
  Rendering static_pages/root.html.erb within layouts/application
  Rendered static_pages/root.html.erb within layouts/application (0.4ms)
Completed 200 OK in 495ms (Views: 490.7ms | ActiveRecord: 0.0ms)


Started GET "/" for 127.0.0.1 at 2021-08-26 14:41:34 -0400
Processing by StaticPagesController#root as HTML
  Rendering static_pages/root.html.erb within layouts/application
  Rendered static_pages/root.html.erb within layouts/application (0.4ms)
Completed 200 OK in 33ms (Views: 28.2ms | ActiveRecord: 0.0ms)


Started GET "/" for 127.0.0.1 at 2021-08-26 14:42:46 -0400
  [1m[35m (1.6ms)[0m  [1m[34mSELECT "schema_migrations"."version" FROM "schema_migrations" ORDER BY "schema_migrations"."version" ASC[0m
  ↳ /Users/aminbabar/.rbenv/versions/2.5.1/lib/ruby/gems/2.5.0/gems/activerecord-5.2.6/lib/active_record/log_subscriber.rb:98
Processing by StaticPagesController#root as HTML
  Rendering static_pages/root.html.erb within layouts/application
  Rendered static_pages/root.html.erb within layouts/application (1.6ms)
Completed 200 OK in 1174ms (Views: 1171.0ms | ActiveRecord: 0.0ms)


Started GET "/api/todos" for 127.0.0.1 at 2021-08-26 14:42:54 -0400
Processing by Api::TodosController#index as JSON
  [1m[36mTodo Load (0.8ms)[0m  [1m[34mSELECT "todos".* FROM "todos"[0m
  ↳ app/controllers/api/todos_controller.rb:4
Completed 200 OK in 22ms (Views: 8.1ms | ActiveRecord: 11.0ms)


Started GET "/" for 127.0.0.1 at 2021-08-26 14:42:59 -0400
Processing by StaticPagesController#root as HTML
  Rendering static_pages/root.html.erb within layouts/application
  Rendered static_pages/root.html.erb within layouts/application (0.4ms)
Completed 200 OK in 29ms (Views: 25.4ms | ActiveRecord: 0.0ms)


Started GET "/" for 127.0.0.1 at 2021-08-26 14:43:32 -0400
Processing by StaticPagesController#root as HTML
  Rendering static_pages/root.html.erb within layouts/application
  Rendered static_pages/root.html.erb within layouts/application (0.3ms)
Completed 200 OK in 373ms (Views: 369.0ms | ActiveRecord: 0.0ms)


Started GET "/" for 127.0.0.1 at 2021-08-26 14:43:50 -0400
Processing by StaticPagesController#root as HTML
  Rendering static_pages/root.html.erb within layouts/application
  Rendered static_pages/root.html.erb within layouts/application (0.4ms)
Completed 200 OK in 27ms (Views: 24.5ms | ActiveRecord: 0.0ms)


Started GET "/" for 127.0.0.1 at 2021-08-26 14:43:51 -0400
Processing by StaticPagesController#root as HTML
  Rendering static_pages/root.html.erb within layouts/application
  Rendered static_pages/root.html.erb within layouts/application (0.4ms)
Completed 200 OK in 30ms (Views: 26.3ms | ActiveRecord: 0.0ms)


Started GET "/" for 127.0.0.1 at 2021-08-26 14:43:51 -0400
Processing by StaticPagesController#root as HTML
  Rendering static_pages/root.html.erb within layouts/application
  Rendered static_pages/root.html.erb within layouts/application (0.6ms)
Completed 200 OK in 37ms (Views: 32.7ms | ActiveRecord: 0.0ms)


Started GET "/" for 127.0.0.1 at 2021-08-26 14:43:53 -0400
Processing by StaticPagesController#root as HTML
  Rendering static_pages/root.html.erb within layouts/application
  Rendered static_pages/root.html.erb within layouts/application (0.5ms)
Completed 200 OK in 29ms (Views: 26.3ms | ActiveRecord: 0.0ms)


Started GET "/" for 127.0.0.1 at 2021-08-26 14:49:35 -0400
Processing by StaticPagesController#root as HTML
  Rendering static_pages/root.html.erb within layouts/application
  Rendered static_pages/root.html.erb within layouts/application (0.3ms)
Completed 200 OK in 452ms (Views: 446.6ms | ActiveRecord: 0.0ms)


Started GET "/" for 127.0.0.1 at 2021-08-26 14:49:58 -0400
Processing by StaticPagesController#root as HTML
  Rendering static_pages/root.html.erb within layouts/application
  Rendered static_pages/root.html.erb within layouts/application (0.3ms)
Completed 200 OK in 476ms (Views: 470.9ms | ActiveRecord: 0.0ms)


Started GET "/api/todos" for 127.0.0.1 at 2021-08-26 14:49:59 -0400
Processing by Api::TodosController#index as JSON
  [1m[36mTodo Load (2.7ms)[0m  [1m[34mSELECT "todos".* FROM "todos"[0m
  ↳ app/controllers/api/todos_controller.rb:4
Completed 200 OK in 7ms (Views: 3.8ms | ActiveRecord: 2.7ms)


Started GET "/" for 127.0.0.1 at 2021-08-26 14:50:33 -0400
Processing by StaticPagesController#root as HTML
  Rendering static_pages/root.html.erb within layouts/application
  Rendered static_pages/root.html.erb within layouts/application (0.3ms)
Completed 200 OK in 431ms (Views: 425.4ms | ActiveRecord: 0.0ms)


Started GET "/api/todos" for 127.0.0.1 at 2021-08-26 14:50:41 -0400
Processing by Api::TodosController#index as JSON
  [1m[36mTodo Load (2.2ms)[0m  [1m[34mSELECT "todos".* FROM "todos"[0m
  ↳ app/controllers/api/todos_controller.rb:4
Completed 200 OK in 5ms (Views: 2.6ms | ActiveRecord: 2.2ms)


Started GET "/api/todos" for 127.0.0.1 at 2021-08-26 14:50:59 -0400
Processing by Api::TodosController#index as JSON
  [1m[36mTodo Load (0.4ms)[0m  [1m[34mSELECT "todos".* FROM "todos"[0m
  ↳ app/controllers/api/todos_controller.rb:4
Completed 200 OK in 2ms (Views: 1.5ms | ActiveRecord: 0.4ms)


Started GET "/api/todos" for 127.0.0.1 at 2021-08-26 14:51:12 -0400
Processing by Api::TodosController#index as JSON
  [1m[36mTodo Load (0.6ms)[0m  [1m[34mSELECT "todos".* FROM "todos"[0m
  ↳ app/controllers/api/todos_controller.rb:4
Completed 200 OK in 3ms (Views: 2.1ms | ActiveRecord: 0.6ms)


Started GET "/api/todos" for 127.0.0.1 at 2021-08-26 14:51:26 -0400
Processing by Api::TodosController#index as JSON
  [1m[36mTodo Load (0.7ms)[0m  [1m[34mSELECT "todos".* FROM "todos"[0m
  ↳ app/controllers/api/todos_controller.rb:4
Completed 200 OK in 3ms (Views: 2.4ms | ActiveRecord: 0.7ms)


Started GET "/" for 127.0.0.1 at 2021-08-26 15:03:49 -0400
Processing by StaticPagesController#root as HTML
  Rendering static_pages/root.html.erb within layouts/application
  Rendered static_pages/root.html.erb within layouts/application (0.3ms)
Completed 200 OK in 443ms (Views: 437.5ms | ActiveRecord: 0.0ms)


Started GET "/api/todos" for 127.0.0.1 at 2021-08-26 15:05:35 -0400
Processing by Api::TodosController#index as JSON
  [1m[36mTodo Load (1.3ms)[0m  [1m[34mSELECT "todos".* FROM "todos"[0m
  ↳ app/controllers/api/todos_controller.rb:4
Completed 200 OK in 4ms (Views: 2.2ms | ActiveRecord: 1.3ms)


Started GET "/" for 127.0.0.1 at 2021-08-26 15:16:30 -0400
Processing by StaticPagesController#root as HTML
  Rendering static_pages/root.html.erb within layouts/application
  Rendered static_pages/root.html.erb within layouts/application (0.3ms)
Completed 200 OK in 482ms (Views: 477.2ms | ActiveRecord: 0.0ms)


Started GET "/" for 127.0.0.1 at 2021-08-26 15:23:04 -0400
Processing by StaticPagesController#root as HTML
  Rendering static_pages/root.html.erb within layouts/application
  Rendered static_pages/root.html.erb within layouts/application (0.3ms)
Completed 200 OK in 369ms (Views: 365.3ms | ActiveRecord: 0.0ms)


Started GET "/" for 127.0.0.1 at 2021-08-26 15:23:57 -0400
Processing by StaticPagesController#root as HTML
  Rendering static_pages/root.html.erb within layouts/application
  Rendered static_pages/root.html.erb within layouts/application (0.5ms)
Completed 200 OK in 632ms (Views: 626.2ms | ActiveRecord: 0.0ms)


Started GET "/api/todos" for 127.0.0.1 at 2021-08-26 15:23:59 -0400
Processing by Api::TodosController#index as JSON
  [1m[36mTodo Load (2.1ms)[0m  [1m[34mSELECT "todos".* FROM "todos"[0m
  ↳ app/controllers/api/todos_controller.rb:4
Completed 200 OK in 6ms (Views: 4.0ms | ActiveRecord: 2.1ms)


Started GET "/" for 127.0.0.1 at 2021-08-26 15:25:48 -0400
Processing by StaticPagesController#root as HTML
  Rendering static_pages/root.html.erb within layouts/application
  Rendered static_pages/root.html.erb within layouts/application (0.4ms)
Completed 200 OK in 374ms (Views: 369.5ms | ActiveRecord: 0.0ms)


Started GET "/api/todos" for 127.0.0.1 at 2021-08-26 15:25:51 -0400
Processing by Api::TodosController#index as JSON
  [1m[36mTodo Load (1.6ms)[0m  [1m[34mSELECT "todos".* FROM "todos"[0m
  ↳ app/controllers/api/todos_controller.rb:4
Completed 200 OK in 4ms (Views: 2.1ms | ActiveRecord: 1.6ms)


Started GET "/" for 127.0.0.1 at 2021-08-26 15:26:50 -0400
Processing by StaticPagesController#root as HTML
  Rendering static_pages/root.html.erb within layouts/application
  Rendered static_pages/root.html.erb within layouts/application (0.6ms)
Completed 200 OK in 588ms (Views: 579.8ms | ActiveRecord: 0.0ms)


Started GET "/api/todos" for 127.0.0.1 at 2021-08-26 15:26:52 -0400
Processing by Api::TodosController#index as JSON
  [1m[36mTodo Load (2.6ms)[0m  [1m[34mSELECT "todos".* FROM "todos"[0m
  ↳ app/controllers/api/todos_controller.rb:4
Completed 200 OK in 5ms (Views: 2.5ms | ActiveRecord: 2.6ms)


Started GET "/" for 127.0.0.1 at 2021-08-26 15:27:25 -0400
Processing by StaticPagesController#root as HTML
  Rendering static_pages/root.html.erb within layouts/application
  Rendered static_pages/root.html.erb within layouts/application (0.4ms)
Completed 200 OK in 460ms (Views: 452.6ms | ActiveRecord: 0.0ms)


Started GET "/api/todos" for 127.0.0.1 at 2021-08-26 15:27:39 -0400
Processing by Api::TodosController#index as JSON
  [1m[36mTodo Load (2.5ms)[0m  [1m[34mSELECT "todos".* FROM "todos"[0m
  ↳ app/controllers/api/todos_controller.rb:4
Completed 200 OK in 7ms (Views: 3.7ms | ActiveRecord: 2.5ms)


Started GET "/" for 127.0.0.1 at 2021-08-26 15:28:10 -0400
Processing by StaticPagesController#root as HTML
  Rendering static_pages/root.html.erb within layouts/application
  Rendered static_pages/root.html.erb within layouts/application (0.4ms)
Completed 200 OK in 568ms (Views: 560.9ms | ActiveRecord: 0.0ms)


Started GET "/api/todos" for 127.0.0.1 at 2021-08-26 15:28:15 -0400
Processing by Api::TodosController#index as JSON
  [1m[36mTodo Load (0.8ms)[0m  [1m[34mSELECT "todos".* FROM "todos"[0m
  ↳ app/controllers/api/todos_controller.rb:4
Completed 200 OK in 5ms (Views: 4.2ms | ActiveRecord: 0.8ms)


Started GET "/" for 127.0.0.1 at 2021-08-26 15:28:54 -0400
Processing by StaticPagesController#root as HTML
  Rendering static_pages/root.html.erb within layouts/application
  Rendered static_pages/root.html.erb within layouts/application (0.5ms)
Completed 200 OK in 483ms (Views: 477.4ms | ActiveRecord: 0.0ms)


Started GET "/api/todos" for 127.0.0.1 at 2021-08-26 15:29:00 -0400
Processing by Api::TodosController#index as JSON
  [1m[36mTodo Load (0.9ms)[0m  [1m[34mSELECT "todos".* FROM "todos"[0m
  ↳ app/controllers/api/todos_controller.rb:4
Completed 200 OK in 4ms (Views: 3.1ms | ActiveRecord: 0.9ms)


Started GET "/" for 127.0.0.1 at 2021-08-26 15:31:49 -0400
Processing by StaticPagesController#root as HTML
  Rendering static_pages/root.html.erb within layouts/application
  Rendered static_pages/root.html.erb within layouts/application (0.5ms)
Completed 200 OK in 579ms (Views: 570.8ms | ActiveRecord: 0.0ms)


Started GET "/api/todos" for 127.0.0.1 at 2021-08-26 15:31:58 -0400
Processing by Api::TodosController#index as JSON
  [1m[36mTodo Load (0.8ms)[0m  [1m[34mSELECT "todos".* FROM "todos"[0m
  ↳ app/controllers/api/todos_controller.rb:4
Completed 200 OK in 4ms (Views: 2.6ms | ActiveRecord: 0.8ms)


Started GET "/api/todos" for 127.0.0.1 at 2021-08-26 15:32:11 -0400
Processing by Api::TodosController#index as JSON
  [1m[36mTodo Load (0.8ms)[0m  [1m[34mSELECT "todos".* FROM "todos"[0m
  ↳ app/controllers/api/todos_controller.rb:4
Completed 200 OK in 4ms (Views: 2.3ms | ActiveRecord: 0.8ms)


Started GET "/api/todos" for 127.0.0.1 at 2021-08-26 15:32:32 -0400
Processing by Api::TodosController#index as JSON
  [1m[36mTodo Load (0.4ms)[0m  [1m[34mSELECT "todos".* FROM "todos"[0m
  ↳ app/controllers/api/todos_controller.rb:4
Completed 200 OK in 3ms (Views: 1.9ms | ActiveRecord: 0.4ms)


Started GET "/api/todos" for 127.0.0.1 at 2021-08-26 15:32:49 -0400
Processing by Api::TodosController#index as JSON
  [1m[36mTodo Load (0.6ms)[0m  [1m[34mSELECT "todos".* FROM "todos"[0m
  ↳ app/controllers/api/todos_controller.rb:4
Completed 200 OK in 3ms (Views: 2.5ms | ActiveRecord: 0.6ms)


Started GET "/api/todos" for 127.0.0.1 at 2021-08-26 15:33:33 -0400
Processing by Api::TodosController#index as JSON
  [1m[36mTodo Load (0.5ms)[0m  [1m[34mSELECT "todos".* FROM "todos"[0m
  ↳ app/controllers/api/todos_controller.rb:4
Completed 200 OK in 3ms (Views: 2.0ms | ActiveRecord: 0.5ms)


Started GET "/" for 127.0.0.1 at 2021-08-26 15:34:57 -0400
Processing by StaticPagesController#root as HTML
  Rendering static_pages/root.html.erb within layouts/application
  Rendered static_pages/root.html.erb within layouts/application (0.4ms)
Completed 200 OK in 410ms (Views: 406.3ms | ActiveRecord: 0.0ms)


Started GET "/api/todos" for 127.0.0.1 at 2021-08-26 15:35:05 -0400
Processing by Api::TodosController#index as JSON
  [1m[36mTodo Load (0.5ms)[0m  [1m[34mSELECT "todos".* FROM "todos"[0m
  ↳ app/controllers/api/todos_controller.rb:4
Completed 200 OK in 2ms (Views: 1.6ms | ActiveRecord: 0.5ms)


Started GET "/" for 127.0.0.1 at 2021-08-26 15:35:26 -0400
Processing by StaticPagesController#root as HTML
  Rendering static_pages/root.html.erb within layouts/application
  Rendered static_pages/root.html.erb within layouts/application (0.3ms)
Completed 200 OK in 34ms (Views: 30.4ms | ActiveRecord: 0.0ms)


Started GET "/" for 127.0.0.1 at 2021-08-26 15:37:55 -0400
Processing by StaticPagesController#root as HTML
  Rendering static_pages/root.html.erb within layouts/application
  Rendered static_pages/root.html.erb within layouts/application (0.3ms)
Completed 200 OK in 392ms (Views: 387.8ms | ActiveRecord: 0.0ms)


Started GET "/" for 127.0.0.1 at 2021-08-26 15:38:36 -0400
Processing by StaticPagesController#root as HTML
  Rendering static_pages/root.html.erb within layouts/application
  Rendered static_pages/root.html.erb within layouts/application (0.4ms)
Completed 200 OK in 598ms (Views: 591.1ms | ActiveRecord: 0.0ms)


Started GET "/" for 127.0.0.1 at 2021-08-26 15:38:40 -0400
Processing by StaticPagesController#root as HTML
  Rendering static_pages/root.html.erb within layouts/application
  Rendered static_pages/root.html.erb within layouts/application (0.4ms)
Completed 200 OK in 49ms (Views: 42.3ms | ActiveRecord: 0.0ms)


Started GET "/" for 127.0.0.1 at 2021-08-26 15:38:44 -0400
Processing by StaticPagesController#root as HTML
  Rendering static_pages/root.html.erb within layouts/application
  Rendered static_pages/root.html.erb within layouts/application (0.6ms)
Completed 200 OK in 54ms (Views: 47.5ms | ActiveRecord: 0.0ms)


Started GET "/" for 127.0.0.1 at 2021-08-26 15:38:46 -0400
Processing by StaticPagesController#root as HTML
  Rendering static_pages/root.html.erb within layouts/application
  Rendered static_pages/root.html.erb within layouts/application (0.4ms)
Completed 200 OK in 64ms (Views: 54.5ms | ActiveRecord: 0.0ms)


Started GET "/" for 127.0.0.1 at 2021-08-26 15:38:47 -0400
Processing by StaticPagesController#root as HTML
  Rendering static_pages/root.html.erb within layouts/application
  Rendered static_pages/root.html.erb within layouts/application (0.8ms)
Completed 200 OK in 64ms (Views: 54.7ms | ActiveRecord: 0.0ms)


Started GET "/" for ::1 at 2021-08-26 15:38:52 -0400
Processing by StaticPagesController#root as HTML
  Rendering static_pages/root.html.erb within layouts/application
  Rendered static_pages/root.html.erb within layouts/application (0.4ms)
Completed 200 OK in 47ms (Views: 39.9ms | ActiveRecord: 0.0ms)


Started GET "/" for 127.0.0.1 at 2021-08-26 15:39:28 -0400
Processing by StaticPagesController#root as HTML
  Rendering static_pages/root.html.erb within layouts/application
  Rendered static_pages/root.html.erb within layouts/application (0.6ms)
Completed 200 OK in 40ms (Views: 35.5ms | ActiveRecord: 0.0ms)


Started GET "/" for 127.0.0.1 at 2021-08-26 15:39:34 -0400
Processing by StaticPagesController#root as HTML
  Rendering static_pages/root.html.erb within layouts/application
  Rendered static_pages/root.html.erb within layouts/application (0.5ms)
Completed 200 OK in 48ms (Views: 42.9ms | ActiveRecord: 0.0ms)


Started GET "/" for 127.0.0.1 at 2021-08-26 15:39:51 -0400
Processing by StaticPagesController#root as HTML
  Rendering static_pages/root.html.erb within layouts/application
  Rendered static_pages/root.html.erb within layouts/application (0.5ms)
Completed 200 OK in 50ms (Views: 43.5ms | ActiveRecord: 0.0ms)


Started GET "/" for 127.0.0.1 at 2021-08-26 15:40:15 -0400
Processing by StaticPagesController#root as HTML
  Rendering static_pages/root.html.erb within layouts/application
  Rendered static_pages/root.html.erb within layouts/application (0.5ms)
Completed 200 OK in 474ms (Views: 467.9ms | ActiveRecord: 0.0ms)


Started GET "/" for 127.0.0.1 at 2021-08-26 15:42:01 -0400
Processing by StaticPagesController#root as HTML
  Rendering static_pages/root.html.erb within layouts/application
  Rendered static_pages/root.html.erb within layouts/application (0.5ms)
Completed 200 OK in 499ms (Views: 492.6ms | ActiveRecord: 0.0ms)


Started GET "/api/todos" for 127.0.0.1 at 2021-08-26 15:42:03 -0400
Processing by Api::TodosController#index as JSON
  [1m[36mTodo Load (1.1ms)[0m  [1m[34mSELECT "todos".* FROM "todos"[0m
  ↳ app/controllers/api/todos_controller.rb:4
Completed 200 OK in 4ms (Views: 3.0ms | ActiveRecord: 1.1ms)


Started GET "/" for 127.0.0.1 at 2021-08-26 15:42:24 -0400
Processing by StaticPagesController#root as HTML
  Rendering static_pages/root.html.erb within layouts/application
  Rendered static_pages/root.html.erb within layouts/application (0.4ms)
Completed 200 OK in 508ms (Views: 500.5ms | ActiveRecord: 0.0ms)


Started GET "/api/todos" for 127.0.0.1 at 2021-08-26 15:42:25 -0400
Processing by Api::TodosController#index as JSON
  [1m[36mTodo Load (0.9ms)[0m  [1m[34mSELECT "todos".* FROM "todos"[0m
  ↳ app/controllers/api/todos_controller.rb:4
Completed 200 OK in 4ms (Views: 3.1ms | ActiveRecord: 0.9ms)


Started GET "/" for 127.0.0.1 at 2021-08-26 15:43:27 -0400
Processing by StaticPagesController#root as HTML
  Rendering static_pages/root.html.erb within layouts/application
  Rendered static_pages/root.html.erb within layouts/application (0.6ms)
Completed 200 OK in 428ms (Views: 423.7ms | ActiveRecord: 0.0ms)


Started GET "/api/todos" for 127.0.0.1 at 2021-08-26 15:43:28 -0400
Processing by Api::TodosController#index as JSON
  [1m[36mTodo Load (1.3ms)[0m  [1m[34mSELECT "todos".* FROM "todos"[0m
  ↳ app/controllers/api/todos_controller.rb:4
Completed 200 OK in 5ms (Views: 3.3ms | ActiveRecord: 1.3ms)


Started GET "/" for 127.0.0.1 at 2021-08-26 15:43:54 -0400
Processing by StaticPagesController#root as HTML
  Rendering static_pages/root.html.erb within layouts/application
  Rendered static_pages/root.html.erb within layouts/application (0.3ms)
Completed 200 OK in 45ms (Views: 38.4ms | ActiveRecord: 0.0ms)


Started GET "/api/todos" for 127.0.0.1 at 2021-08-26 15:43:54 -0400
Processing by Api::TodosController#index as JSON
  [1m[36mTodo Load (0.7ms)[0m  [1m[34mSELECT "todos".* FROM "todos"[0m
  ↳ app/controllers/api/todos_controller.rb:4
Completed 200 OK in 5ms (Views: 3.6ms | ActiveRecord: 0.7ms)


  [1m[35m (1.1ms)[0m  [1m[34mSELECT "schema_migrations"."version" FROM "schema_migrations" ORDER BY "schema_migrations"."version" ASC[0m
  ↳ bin/rails:9
  [1m[35m (0.2ms)[0m  [1m[35mBEGIN[0m
  ↳ db/seeds.rb:10
  [1m[36mTodo Load (1.1ms)[0m  [1m[34mSELECT "todos".* FROM "todos"[0m
  ↳ db/seeds.rb:11
  [1m[36mTodo Destroy (0.6ms)[0m  [1m[31mDELETE FROM "todos" WHERE "todos"."id" = $1[0m  [["id", 1]]
  ↳ db/seeds.rb:11
  [1m[36mTodo Destroy (0.3ms)[0m  [1m[31mDELETE FROM "todos" WHERE "todos"."id" = $1[0m  [["id", 2]]
  ↳ db/seeds.rb:11
  [1m[36mTodo Destroy (0.3ms)[0m  [1m[31mDELETE FROM "todos" WHERE "todos"."id" = $1[0m  [["id", 3]]
  ↳ db/seeds.rb:11
  [1m[36mTodo Destroy (0.3ms)[0m  [1m[31mDELETE FROM "todos" WHERE "todos"."id" = $1[0m  [["id", 4]]
  ↳ db/seeds.rb:11
  [1m[36mTodo Destroy (0.3ms)[0m  [1m[31mDELETE FROM "todos" WHERE "todos"."id" = $1[0m  [["id", 5]]
  ↳ db/seeds.rb:11
  [1m[36mTodo Create (1.1ms)[0m  [1m[32mINSERT INTO "todos" ("title", "body", "done", "created_at", "updated_at") VALUES ($1, $2, $3, $4, $5) RETURNING "id"[0m  [["title", "1"], ["body", "1"], ["done", false], ["created_at", "2021-08-26 19:44:42.715299"], ["updated_at", "2021-08-26 19:44:42.715299"]]
  ↳ db/seeds.rb:13
  [1m[36mTodo Create (0.4ms)[0m  [1m[32mINSERT INTO "todos" ("title", "body", "done", "created_at", "updated_at") VALUES ($1, $2, $3, $4, $5) RETURNING "id"[0m  [["title", "2"], ["body", "2"], ["done", false], ["created_at", "2021-08-26 19:44:42.717660"], ["updated_at", "2021-08-26 19:44:42.717660"]]
  ↳ db/seeds.rb:14
  [1m[36mTodo Create (0.3ms)[0m  [1m[32mINSERT INTO "todos" ("title", "body", "done", "created_at", "updated_at") VALUES ($1, $2, $3, $4, $5) RETURNING "id"[0m  [["title", "3"], ["body", "3"], ["done", true], ["created_at", "2021-08-26 19:44:42.719181"], ["updated_at", "2021-08-26 19:44:42.719181"]]
  ↳ db/seeds.rb:15
  [1m[36mTodo Create (0.4ms)[0m  [1m[32mINSERT INTO "todos" ("title", "body", "done", "created_at", "updated_at") VALUES ($1, $2, $3, $4, $5) RETURNING "id"[0m  [["title", "4"], ["body", "4 qo2ewnbf3rof"], ["done", true], ["created_at", "2021-08-26 19:44:42.720288"], ["updated_at", "2021-08-26 19:44:42.720288"]]
  ↳ db/seeds.rb:16
  [1m[36mTodo Create (0.3ms)[0m  [1m[32mINSERT INTO "todos" ("title", "body", "done", "created_at", "updated_at") VALUES ($1, $2, $3, $4, $5) RETURNING "id"[0m  [["title", "5"], ["body", "5"], ["done", false], ["created_at", "2021-08-26 19:44:42.721458"], ["updated_at", "2021-08-26 19:44:42.721458"]]
  ↳ db/seeds.rb:17
  [1m[36mTodo Create (0.3ms)[0m  [1m[32mINSERT INTO "todos" ("title", "body", "done", "created_at", "updated_at") VALUES ($1, $2, $3, $4, $5) RETURNING "id"[0m  [["title", "6"], ["body", "6"], ["done", false], ["created_at", "2021-08-26 19:44:42.722567"], ["updated_at", "2021-08-26 19:44:42.722567"]]
  ↳ db/seeds.rb:18
  [1m[35m (1.0ms)[0m  [1m[35mCOMMIT[0m
  ↳ db/seeds.rb:10
Started GET "/" for 127.0.0.1 at 2021-08-26 15:44:51 -0400
  [1m[35m (1.0ms)[0m  [1m[34mSELECT "schema_migrations"."version" FROM "schema_migrations" ORDER BY "schema_migrations"."version" ASC[0m
  ↳ /Users/aminbabar/.rbenv/versions/2.5.1/lib/ruby/gems/2.5.0/gems/activerecord-5.2.6/lib/active_record/log_subscriber.rb:98
Processing by StaticPagesController#root as HTML
  Rendering static_pages/root.html.erb within layouts/application
  Rendered static_pages/root.html.erb within layouts/application (1.4ms)
Completed 200 OK in 1277ms (Views: 1272.1ms | ActiveRecord: 0.0ms)


Started GET "/api/todos" for 127.0.0.1 at 2021-08-26 15:44:52 -0400
Processing by Api::TodosController#index as JSON
  [1m[36mTodo Load (2.3ms)[0m  [1m[34mSELECT "todos".* FROM "todos"[0m
  ↳ app/controllers/api/todos_controller.rb:4
Completed 200 OK in 34ms (Views: 10.5ms | ActiveRecord: 20.0ms)


